This is pdfTeX, Version 3.14159265-2.6-1.40.19 (MiKTeX 2.9.6730 64-bit) (preloaded format=pdflatex 2018.8.13)  10 JUN 2019 11:37
entering extended mode
**./main.tex
(main.tex
LaTeX2e <2018-04-01> patch level 5
(llncs.cls
Document Class: llncs 2015/06/24 v2.20 
 LaTeX document class for Lecture Notes in Computer Science
("C:\Program Files\MiKTeX 2.9\tex\latex\base\article.cls"
Document Class: article 2014/09/29 v1.4h Standard LaTeX document class
("C:\Program Files\MiKTeX 2.9\tex\latex\base\size10.clo"
File: size10.clo 2014/09/29 v1.4h Standard LaTeX file (size option)
)
\c@part=\count80
\c@section=\count81
\c@subsection=\count82
\c@subsubsection=\count83
\c@paragraph=\count84
\c@subparagraph=\count85
\c@figure=\count86
\c@table=\count87
\abovecaptionskip=\skip41
\belowcaptionskip=\skip42
\bibindent=\dimen102
)
("C:\Program Files\MiKTeX 2.9\tex\latex\tools\multicol.sty"
Package: multicol 2018/04/20 v1.8s multicolumn formatting (FMi)
\c@tracingmulticols=\count88
\mult@box=\box26
\multicol@leftmargin=\dimen103
\c@unbalance=\count89
\c@collectmore=\count90
\doublecol@number=\count91
\multicoltolerance=\count92
\multicolpretolerance=\count93
\full@width=\dimen104
\page@free=\dimen105
\premulticols=\dimen106
\postmulticols=\dimen107
\multicolsep=\skip43
\multicolbaselineskip=\skip44
\partial@page=\box27
\last@line=\box28
\maxbalancingoverflow=\dimen108
\mult@rightbox=\box29
\mult@grightbox=\box30
\mult@gfirstbox=\box31
\mult@firstbox=\box32
\@tempa=\box33
\@tempa=\box34
\@tempa=\box35
\@tempa=\box36
\@tempa=\box37
\@tempa=\box38
\@tempa=\box39
\@tempa=\box40
\@tempa=\box41
\@tempa=\box42
\@tempa=\box43
\@tempa=\box44
\@tempa=\box45
\@tempa=\box46
\@tempa=\box47
\@tempa=\box48
\@tempa=\box49
\c@columnbadness=\count94
\c@finalcolumnbadness=\count95
\last@try=\dimen109
\multicolovershoot=\dimen110
\multicolundershoot=\dimen111
\mult@nat@firstbox=\box50
\colbreak@box=\box51
\mc@col@check@num=\count96
) (aliascnt.sty
Package: aliascnt 2009/09/08 v1.3 Alias counter (HO)

(remreset.sty))
\c@chapter=\count97
LaTeX Font Info:    Redeclaring math symbol \Gamma on input line 362.
LaTeX Font Info:    Redeclaring math symbol \Delta on input line 363.
LaTeX Font Info:    Redeclaring math symbol \Theta on input line 364.
LaTeX Font Info:    Redeclaring math symbol \Lambda on input line 365.
LaTeX Font Info:    Redeclaring math symbol \Xi on input line 366.
LaTeX Font Info:    Redeclaring math symbol \Pi on input line 367.
LaTeX Font Info:    Redeclaring math symbol \Sigma on input line 368.
LaTeX Font Info:    Redeclaring math symbol \Upsilon on input line 369.
LaTeX Font Info:    Redeclaring math symbol \Phi on input line 370.
LaTeX Font Info:    Redeclaring math symbol \Psi on input line 371.
LaTeX Font Info:    Redeclaring math symbol \Omega on input line 372.
\tocchpnum=\dimen112
\tocsecnum=\dimen113
\tocsectotal=\dimen114
\tocsubsecnum=\dimen115
\tocsubsectotal=\dimen116
\tocsubsubsecnum=\dimen117
\tocsubsubsectotal=\dimen118
\tocparanum=\dimen119
\tocparatotal=\dimen120
\tocsubparanum=\dimen121
\@tempcntc=\count98
\fnindent=\dimen122
\c@@inst=\count99
\c@@auth=\count100
\c@auco=\count101
\instindent=\dimen123
\authrun=\box52
\authorrunning=\toks14
\tocauthor=\toks15
\titrun=\box53
\titlerunning=\toks16
\toctitle=\toks17
\c@theorem=\count102
\c@case=\count103
\c@conjecture=\count104
\c@corollary=\count105
\c@definition=\count106
\c@example=\count107
\c@exercise=\count108
\c@lemma=\count109
\c@note=\count110
\c@problem=\count111
\c@property=\count112
\c@proposition=\count113
\c@question=\count114
\c@solution=\count115
\c@remark=\count116
\headlineindent=\dimen124
) ("C:\Program Files\MiKTeX 2.9\tex\latex\base\makeidx.sty"
Package: makeidx 2014/09/29 v1.0m Standard LaTeX package
)
("C:\Program Files\MiKTeX 2.9\tex\latex\tools\tabularx.sty"
Package: tabularx 2016/02/03 v2.11b `tabularx' package (DPC)

("C:\Program Files\MiKTeX 2.9\tex\latex\tools\array.sty"
Package: array 2018/04/30 v2.4h Tabular extension package (FMi)
\col@sep=\dimen125
\ar@mcellbox=\box54
\extrarowheight=\dimen126
\NC@list=\toks18
\extratabsurround=\skip45
\backup@length=\skip46
\ar@cellbox=\box55
)
\TX@col@width=\dimen127
\TX@old@table=\dimen128
\TX@old@col=\dimen129
\TX@target=\dimen130
\TX@delta=\dimen131
\TX@cols=\count117
\TX@ftn=\toks19
)
("C:\Program Files\MiKTeX 2.9\tex\latex\colortbl\colortbl.sty"
Package: colortbl 2018/05/02 v1.0c Color table columns (DPC)

("C:\Program Files\MiKTeX 2.9\tex\latex\graphics\color.sty"
Package: color 2016/07/10 v1.1e Standard LaTeX Color (DPC)

("C:\Program Files\MiKTeX 2.9\tex\latex\graphics-cfg\color.cfg"
File: color.cfg 2016/01/02 v1.6 sample color configuration
)
Package color Info: Driver file: pdftex.def on input line 147.

("C:\Program Files\MiKTeX 2.9\tex\latex\graphics-def\pdftex.def"
File: pdftex.def 2018/01/08 v1.0l Graphics/color driver for pdftex
))
\everycr=\toks20
\minrowclearance=\skip47
)
("C:\Program Files\MiKTeX 2.9\tex\latex\xcolor\xcolor.sty"
Package: xcolor 2016/05/11 v2.12 LaTeX color extensions (UK)

("C:\Program Files\MiKTeX 2.9\tex\latex\graphics-cfg\color.cfg"
File: color.cfg 2016/01/02 v1.6 sample color configuration
)
Package xcolor Info: Driver file: pdftex.def on input line 225.
LaTeX Info: Redefining \color on input line 709.
Package xcolor Info: Model `cmy' substituted by `cmy0' on input line 1348.
Package xcolor Info: Model `hsb' substituted by `rgb' on input line 1352.
Package xcolor Info: Model `RGB' extended on input line 1364.
Package xcolor Info: Model `HTML' substituted by `rgb' on input line 1366.
Package xcolor Info: Model `Hsb' substituted by `hsb' on input line 1367.
Package xcolor Info: Model `tHsb' substituted by `hsb' on input line 1368.
Package xcolor Info: Model `HSB' substituted by `hsb' on input line 1369.
Package xcolor Info: Model `Gray' substituted by `gray' on input line 1370.
Package xcolor Info: Model `wave' substituted by `hsb' on input line 1371.

("C:\Program Files\MiKTeX 2.9\tex\latex\graphics\dvipsnam.def"
File: dvipsnam.def 2016/06/17 v3.0m Driver-dependent file (DPC,SPQR)
))
("C:\Program Files\MiKTeX 2.9\tex\latex\sttools\flushend.sty"
Package: flushend 2017/03/27 v3.3 Balancing columns in twocolumn mode
\flushend@@lastskip@a=\skip48
\flushend@@lastskip@b=\skip49
\flushend@@lastskip@c=\skip50
\flushend@@penalty@a=\count118
\flushend@@lastkern@a=\dimen132
\var@@temp@spread=\dimen133
\var@@temp@a=\dimen134
\flushend@@page@rule=\dimen135
\flushend@@varbox@a=\box56
\flushend@@varbox@c=\box57
\flushend@@tempbox@a=\box58
\flushend@@tempbox@c=\box59
\@viper=\box60
\hold@viper=\box61
\atColsBreak=\toks21
\atColsEnd=\toks22

("C:\Program Files\MiKTeX 2.9\tex\latex\etoolbox\etoolbox.sty"
Package: etoolbox 2018/08/19 v2.5f e-TeX tools for LaTeX (JAW)
\etb@tempcnta=\count119
))
("C:\Program Files\MiKTeX 2.9\tex\latex\cite\cite.sty"
LaTeX Info: Redefining \cite on input line 302.
LaTeX Info: Redefining \nocite on input line 332.
Package: cite 2015/02/27  v 5.5
)
("C:\Program Files\MiKTeX 2.9\tex\latex\amsmath\amsmath.sty"
Package: amsmath 2017/09/02 v2.17a AMS math features
\@mathmargin=\skip51

For additional information on amsmath, use the `?' option.
("C:\Program Files\MiKTeX 2.9\tex\latex\amsmath\amstext.sty"
Package: amstext 2000/06/29 v2.01 AMS text

("C:\Program Files\MiKTeX 2.9\tex\latex\amsmath\amsgen.sty"
File: amsgen.sty 1999/11/30 v2.0 generic functions
\@emptytoks=\toks23
\ex@=\dimen136
))
("C:\Program Files\MiKTeX 2.9\tex\latex\amsmath\amsbsy.sty"
Package: amsbsy 1999/11/29 v1.2d Bold Symbols
\pmbraise@=\dimen137
)
("C:\Program Files\MiKTeX 2.9\tex\latex\amsmath\amsopn.sty"
Package: amsopn 2016/03/08 v2.02 operator names
)
\inf@bad=\count120
LaTeX Info: Redefining \frac on input line 213.
\uproot@=\count121
\leftroot@=\count122
LaTeX Info: Redefining \overline on input line 375.
\classnum@=\count123
\DOTSCASE@=\count124
LaTeX Info: Redefining \ldots on input line 472.
LaTeX Info: Redefining \dots on input line 475.
LaTeX Info: Redefining \cdots on input line 596.
\Mathstrutbox@=\box62
\strutbox@=\box63
\big@size=\dimen138
LaTeX Font Info:    Redeclaring font encoding OML on input line 712.
LaTeX Font Info:    Redeclaring font encoding OMS on input line 713.


Package amsmath Warning: Unable to redefine math accent \vec.

\macc@depth=\count125
\c@MaxMatrixCols=\count126
\dotsspace@=\muskip10
\c@parentequation=\count127
\dspbrk@lvl=\count128
\tag@help=\toks24
\row@=\count129
\column@=\count130
\maxfields@=\count131
\andhelp@=\toks25
\eqnshift@=\dimen139
\alignsep@=\dimen140
\tagshift@=\dimen141
\tagwidth@=\dimen142
\totwidth@=\dimen143
\lineht@=\dimen144
\@envbody=\toks26
\multlinegap=\skip52
\multlinetaggap=\skip53
\mathdisplay@stack=\toks27
LaTeX Info: Redefining \[ on input line 2817.
LaTeX Info: Redefining \] on input line 2818.
) ("C:\Program Files\MiKTeX 2.9\tex\latex\amsfonts\amssymb.sty"
Package: amssymb 2013/01/14 v3.01 AMS font symbols

("C:\Program Files\MiKTeX 2.9\tex\latex\amsfonts\amsfonts.sty"
Package: amsfonts 2013/01/14 v3.01 Basic AMSFonts support
\symAMSa=\mathgroup4
\symAMSb=\mathgroup5
LaTeX Font Info:    Overwriting math alphabet `\mathfrak' in version `bold'
(Font)                  U/euf/m/n --> U/euf/b/n on input line 106.
))
("C:\Program Files\MiKTeX 2.9\tex\latex\graphics\epsfig.sty"
Package: epsfig 2017/06/25 v1.7b (e)psfig emulation (SPQR)

("C:\Program Files\MiKTeX 2.9\tex\latex\graphics\graphicx.sty"
Package: graphicx 2017/06/01 v1.1a Enhanced LaTeX Graphics (DPC,SPQR)

("C:\Program Files\MiKTeX 2.9\tex\latex\graphics\keyval.sty"
Package: keyval 2014/10/28 v1.15 key=value parser (DPC)
\KV@toks@=\toks28
)
("C:\Program Files\MiKTeX 2.9\tex\latex\graphics\graphics.sty"
Package: graphics 2017/06/25 v1.2c Standard LaTeX Graphics (DPC,SPQR)

("C:\Program Files\MiKTeX 2.9\tex\latex\graphics\trig.sty"
Package: trig 2016/01/03 v1.10 sin cos tan (DPC)
)
("C:\Program Files\MiKTeX 2.9\tex\latex\graphics-cfg\graphics.cfg"
File: graphics.cfg 2016/06/04 v1.11 sample graphics configuration
)
Package graphics Info: Driver file: pdftex.def on input line 99.
)
\Gin@req@height=\dimen145
\Gin@req@width=\dimen146
)
\epsfxsize=\dimen147
\epsfysize=\dimen148
)
("C:\Program Files\MiKTeX 2.9\tex\latex\stmaryrd\stmaryrd.sty"
Package: stmaryrd 1994/03/03 St Mary's Road symbol package
\symstmry=\mathgroup6
LaTeX Font Info:    Overwriting symbol font `stmry' in version `bold'
(Font)                  U/stmry/m/n --> U/stmry/b/n on input line 89.
)
("C:\Program Files\MiKTeX 2.9\tex\latex\url\url.sty"
\Urlmuskip=\muskip11
Package: url 2013/09/16  ver 3.4  Verb mode for urls, etc.
)
("C:\Program Files\MiKTeX 2.9\tex\latex\multirow\multirow.sty"
Package: multirow 2016/11/25 v2.2 Span multiple rows of a table
\multirow@colwidth=\skip54
\multirow@cntb=\count132
\multirow@dima=\skip55
\bigstrutjot=\dimen149
)
("C:\Program Files\MiKTeX 2.9\tex\latex\base\latexsym.sty"
Package: latexsym 1998/08/17 v2.2e Standard LaTeX package (lasy symbols)
\symlasy=\mathgroup7
LaTeX Font Info:    Overwriting symbol font `lasy' in version `bold'
(Font)                  U/lasy/m/n --> U/lasy/b/n on input line 52.
)
("C:\Program Files\MiKTeX 2.9\tex\latex\enumitem\enumitem.sty"
Package: enumitem 2011/09/28 v3.5.2 Customized lists
\labelindent=\skip56
\enit@outerparindent=\dimen150
\enit@toks=\toks29
\enit@inbox=\box64
\enitdp@description=\count133
)
("C:\Program Files\MiKTeX 2.9\tex\latex\comment\comment.sty"
\CommentStream=\write3

Excluding comment 'comment')
("C:\Program Files\MiKTeX 2.9\tex\latex\tools\longtable.sty"
Package: longtable 2014/10/28 v4.11 Multi-page Table package (DPC)
\LTleft=\skip57
\LTright=\skip58
\LTpre=\skip59
\LTpost=\skip60
\LTchunksize=\count134
\LTcapwidth=\dimen151
\LT@head=\box65
\LT@firsthead=\box66
\LT@foot=\box67
\LT@lastfoot=\box68
\LT@cols=\count135
\LT@rows=\count136
\c@LT@tables=\count137
\c@LT@chunks=\count138
\LT@p@ftn=\toks30
)
("C:\Program Files\MiKTeX 2.9\tex\latex\supertabular\supertabular.sty"
Package: supertabular 2004/02/20 v4.1e the supertabular environment
\c@tracingst=\count139
\ST@wd=\dimen152
\ST@rightskip=\skip61
\ST@leftskip=\skip62
\ST@parfillskip=\skip63
\ST@pageleft=\dimen153
\ST@headht=\dimen154
\ST@tailht=\dimen155
\ST@pagesofar=\dimen156
\ST@pboxht=\dimen157
\ST@lineht=\dimen158
\ST@stretchht=\dimen159
\ST@prevht=\dimen160
\ST@toadd=\dimen161
\ST@dimen=\dimen162
\ST@pbox=\box69
)
("C:\Program Files\MiKTeX 2.9\tex\latex\psnfss\times.sty"
Package: times 2005/04/12 PSNFSS-v9.2a (SPQR) 
)
("C:\Program Files\MiKTeX 2.9\tex\latex\listings\listings.sty"
\lst@mode=\count140
\lst@gtempboxa=\box70
\lst@token=\toks31
\lst@length=\count141
\lst@currlwidth=\dimen163
\lst@column=\count142
\lst@pos=\count143
\lst@lostspace=\dimen164
\lst@width=\dimen165
\lst@newlines=\count144
\lst@lineno=\count145
\lst@maxwidth=\dimen166

("C:\Program Files\MiKTeX 2.9\tex\latex\listings\lstmisc.sty"
File: lstmisc.sty 2018/09/02 1.7 (Carsten Heinz)
\c@lstnumber=\count146
\lst@skipnumbers=\count147
\lst@framebox=\box71
)
("C:\Program Files\MiKTeX 2.9\tex\latex\listings\listings.cfg"
File: listings.cfg 2018/09/02 1.7 listings configuration
))
Package: listings 2018/09/02 1.7 (Carsten Heinz)

("C:\Program Files\MiKTeX 2.9\tex\latex\subfigure\subfigure.sty"
Package: subfigure 2002/07/30 v2.1.4 subfigure package
\subfigtopskip=\skip64
\subfigcapskip=\skip65
\subfigcaptopadj=\dimen167
\subfigbottomskip=\skip66
\subfigcapmargin=\dimen168
\subfiglabelskip=\skip67
\c@subfigure=\count148
\c@lofdepth=\count149
\c@subtable=\count150
\c@lotdepth=\count151

****************************************
* Local config file subfigure.cfg used *
****************************************
("C:\Program Files\MiKTeX 2.9\tex\latex\subfigure\subfigure.cfg")
\subfig@top=\skip68
\subfig@bottom=\skip69
)
("C:\Program Files\MiKTeX 2.9\tex\latex\preprint\balance.sty"
Package: balance 1999/02/23 4.3 (PWD)
\oldvsize=\dimen169
)
("C:\Program Files\MiKTeX 2.9\tex\latex\tools\xspace.sty"
Package: xspace 2014/10/28 v1.13 Space after command names (DPC,MH)
)
("C:\Program Files\MiKTeX 2.9\tex\latex\algorithm2e\algorithm2e.sty"
Package: algorithm2e 2017/07/18 v5.2 algorithms environments
\c@AlgoLine=\count152

("C:\Program Files\MiKTeX 2.9\tex\latex\base\ifthen.sty"
Package: ifthen 2014/09/29 v1.1c Standard LaTeX ifthen package (DPC)
)
\algocf@hangindent=\skip70

("C:\Program Files\MiKTeX 2.9\tex\latex\ifoddpage\ifoddpage.sty"
Package: ifoddpage 2016/04/23 v1.1 Conditionals for odd/even page detection
\c@checkoddpage=\count153
)
("C:\Program Files\MiKTeX 2.9\tex\latex\relsize\relsize.sty"
Package: relsize 2013/03/29 ver 4.1
)
\skiptotal=\skip71
\skiplinenumber=\skip72
\skiprule=\skip73
\skiphlne=\skip74
\skiptext=\skip75
\skiplength=\skip76
\algomargin=\skip77
\skipalgocfslide=\skip78
\algowidth=\dimen170
\inoutsize=\dimen171
\inoutindent=\dimen172
\interspacetitleruled=\dimen173
\interspacealgoruled=\dimen174
\interspacetitleboxruled=\dimen175
\algocf@ruledwidth=\skip79
\algocf@inoutbox=\box72
\algocf@inputbox=\box73
\AlCapSkip=\skip80
\AlCapHSkip=\skip81
\algoskipindent=\skip82
\algocf@nlbox=\box74
\algocf@hangingbox=\box75
\algocf@untilbox=\box76
\algocf@skipuntil=\skip83
\algocf@capbox=\box77
\algocf@lcaptionbox=\skip84
\algoheightruledefault=\skip85
\algoheightrule=\skip86
\algotitleheightruledefault=\skip87
\algotitleheightrule=\skip88
\c@algocfline=\count154
\c@algocfproc=\count155
\c@algocf=\count156
\algocf@algoframe=\box78
\algocf@algobox=\box79
)
("C:\Program Files\MiKTeX 2.9\tex\latex\csquotes\csquotes.sty"
Package: csquotes 2018/04/13 v5.2d context-sensitive quotations (JAW)
\csq@reset=\count157
\csq@gtype=\count158
\csq@glevel=\count159
\csq@qlevel=\count160
\csq@maxlvl=\count161
\csq@tshold=\count162
\csq@ltx@everypar=\toks32

("C:\Program Files\MiKTeX 2.9\tex\latex\csquotes\csquotes.def"
File: csquotes.def 2018/04/13 v5.2d csquotes generic definitions (JAW)
)
Package csquotes Info: Trying to load configuration file 'csquotes.cfg'...
Package csquotes Info: ... configuration file loaded successfully.

("C:\Program Files\MiKTeX 2.9\tex\latex\csquotes\csquotes.cfg"
File: csquotes.cfg 
)
Package csquotes Info: Enabling multilingual quotes.
)
Package csquotes Info: Checking for multilingual support...
Package csquotes Info: ... none found.


Package csquotes Warning: No multilingual support.
(csquotes)                Cannot enable multilingual quotes on input line 75.

No file main.aux.
\openout1 = `main.aux'.

LaTeX Font Info:    Checking defaults for OML/cmm/m/it on input line 75.
LaTeX Font Info:    ... okay on input line 75.
LaTeX Font Info:    Checking defaults for T1/cmr/m/n on input line 75.
LaTeX Font Info:    ... okay on input line 75.
LaTeX Font Info:    Checking defaults for OT1/cmr/m/n on input line 75.
LaTeX Font Info:    ... okay on input line 75.
LaTeX Font Info:    Checking defaults for OMS/cmsy/m/n on input line 75.
LaTeX Font Info:    ... okay on input line 75.
LaTeX Font Info:    Checking defaults for OMX/cmex/m/n on input line 75.
LaTeX Font Info:    ... okay on input line 75.
LaTeX Font Info:    Checking defaults for U/cmr/m/n on input line 75.
LaTeX Font Info:    ... okay on input line 75.
LaTeX Font Info:    Try loading font information for OT1+ptm on input line 75.
("C:\Program Files\MiKTeX 2.9\tex\latex\psnfss\ot1ptm.fd"
File: ot1ptm.fd 2001/06/04 font definitions for OT1/ptm.
)
("C:\Program Files\MiKTeX 2.9\tex\context\base\supp-pdf.mkii"
[Loading MPS to PDF converter (version 2006.09.02).]
\scratchcounter=\count163
\scratchdimen=\dimen176
\scratchbox=\box80
\nofMPsegments=\count164
\nofMParguments=\count165
\everyMPshowfont=\toks33
\MPscratchCnt=\count166
\MPscratchDim=\dimen177
\MPnumerator=\count167
\makeMPintoPDFobject=\count168
\everyMPtoPDFconversion=\toks34
) ("C:\Program Files\MiKTeX 2.9\tex\latex\oberdiek\epstopdf-base.sty"
Package: epstopdf-base 2016/05/15 v2.6 Base part for package epstopdf

("C:\Program Files\MiKTeX 2.9\tex\generic\oberdiek\infwarerr.sty"
Package: infwarerr 2016/05/16 v1.4 Providing info/warning/error messages (HO)
)
("C:\Program Files\MiKTeX 2.9\tex\latex\oberdiek\grfext.sty"
Package: grfext 2016/05/16 v1.2 Manage graphics extensions (HO)

("C:\Program Files\MiKTeX 2.9\tex\generic\oberdiek\kvdefinekeys.sty"
Package: kvdefinekeys 2016/05/16 v1.4 Define keys (HO)

("C:\Program Files\MiKTeX 2.9\tex\generic\oberdiek\ltxcmds.sty"
Package: ltxcmds 2016/05/16 v1.23 LaTeX kernel commands for general use (HO)
)))
("C:\Program Files\MiKTeX 2.9\tex\latex\oberdiek\kvoptions.sty"
Package: kvoptions 2016/05/16 v3.12 Key value format for package options (HO)

("C:\Program Files\MiKTeX 2.9\tex\generic\oberdiek\kvsetkeys.sty"
Package: kvsetkeys 2016/05/16 v1.17 Key value parser (HO)

("C:\Program Files\MiKTeX 2.9\tex\generic\oberdiek\etexcmds.sty"
Package: etexcmds 2016/05/16 v1.6 Avoid name clashes with e-TeX commands (HO)

("C:\Program Files\MiKTeX 2.9\tex\generic\oberdiek\ifluatex.sty"
Package: ifluatex 2016/05/16 v1.4 Provides the ifluatex switch (HO)
Package ifluatex Info: LuaTeX not detected.
)
Package etexcmds Info: Could not find \expanded.
(etexcmds)             That can mean that you are not using pdfTeX 1.50 or
(etexcmds)             that some package has redefined \expanded.
(etexcmds)             In the latter case, load this package earlier.
)))
("C:\Program Files\MiKTeX 2.9\tex\generic\oberdiek\pdftexcmds.sty"
Package: pdftexcmds 2018/01/30 v0.27 Utility functions of pdfTeX for LuaTeX (HO
)

("C:\Program Files\MiKTeX 2.9\tex\generic\oberdiek\ifpdf.sty"
Package: ifpdf 2017/03/15 v3.2 Provides the ifpdf switch
)
Package pdftexcmds Info: LuaTeX not detected.
Package pdftexcmds Info: \pdf@primitive is available.
Package pdftexcmds Info: \pdf@ifprimitive is available.
Package pdftexcmds Info: \pdfdraftmode found.
)
Package epstopdf-base Info: Redefining graphics rule for `.eps' on input line 4
38.
Package grfext Info: Graphics extension search list:
(grfext)             [.pdf,.png,.jpg,.mps,.jpeg,.jbig2,.jb2,.PDF,.PNG,.JPG,.JPE
G,.JBIG2,.JB2,.eps]
(grfext)             \AppendGraphicsExtensions on input line 456.
)
\c@lstlisting=\count169
LaTeX Font Info:    Font shape `OT1/ptm/bx/n' in size <14.4> not available
(Font)              Font shape `OT1/ptm/b/n' tried instead on input line 111.
LaTeX Font Info:    Try loading font information for U+msa on input line 111.

("C:\Program Files\MiKTeX 2.9\tex\latex\amsfonts\umsa.fd"
File: umsa.fd 2013/01/14 v3.01 AMS symbols A
)
LaTeX Font Info:    Try loading font information for U+msb on input line 111.

("C:\Program Files\MiKTeX 2.9\tex\latex\amsfonts\umsb.fd"
File: umsb.fd 2013/01/14 v3.01 AMS symbols B
)
LaTeX Font Info:    Try loading font information for U+stmry on input line 111.


("C:\Program Files\MiKTeX 2.9\tex\latex\stmaryrd\ustmry.fd")
LaTeX Font Info:    Try loading font information for U+lasy on input line 111.

("C:\Program Files\MiKTeX 2.9\tex\latex\base\ulasy.fd"
File: ulasy.fd 1998/08/17 v2.2e LaTeX symbol font definitions
)
LaTeX Font Info:    Try loading font information for OT1+pcr on input line 111.


("C:\Program Files\MiKTeX 2.9\tex\latex\psnfss\ot1pcr.fd"
File: ot1pcr.fd 2001/06/04 font definitions for OT1/pcr.
)
LaTeX Font Info:    Font shape `OT1/ptm/bx/n' in size <9> not available
(Font)              Font shape `OT1/ptm/b/n' tried instead on input line 113.
LaTeX Font Info:    Font shape `OT1/ptm/bx/n' in size <10> not available
(Font)              Font shape `OT1/ptm/b/n' tried instead on input line 125.
 (introduction.tex
LaTeX Font Info:    Font shape `OT1/ptm/bx/n' in size <12> not available
(Font)              Font shape `OT1/ptm/b/n' tried instead on input line 1.


LaTeX Warning: Citation `Joshi05:Dasc' on page 1 undefined on input line 5.


LaTeX Warning: Citation `CAV2015:BoCiGrMa' on page 1 undefined on input line 5.



LaTeX Warning: Citation `info17:HaLuHo' on page 1 undefined on input line 5.


LaTeX Warning: Citation `5979344' on page 1 undefined on input line 5.


LaTeX Warning: Citation `Gudemann:2010:FQQ:1909626.1909813' on page 1 undefined
 on input line 5.

[1

{C:/Users/Danielle Stewart/AppData/Local/MiKTeX/2.9/pdftex/config/pdftex.map}]

LaTeX Warning: Citation `AADL_Standard' on page 2 undefined on input line 7.

Excluding 'comment' comment.

LaTeX Warning: Citation `MathWorks' on page 2 undefined on input line 26.


LaTeX Warning: Citation `Joshi05:SafeComp' on page 2 undefined on input line 26
.


LaTeX Warning: Citation `Joshi07:Hase' on page 2 undefined on input line 26.


LaTeX Warning: Citation `Joshi05:Dasc' on page 2 undefined on input line 26.


LaTeX Warning: Citation `DBLP:conf/cav/BozzanoCPJKPRT15' on page 2 undefined on
 input line 26.


LaTeX Warning: Citation `EMV2' on page 2 undefined on input line 27.


LaTeX Warning: Citation `10.1007/978-3-642-04468-7_15' on page 2 undefined on i
nput line 27.


LaTeX Warning: Citation `PROSVIRNOVA2013127' on page 2 undefined on input line 
27.


LaTeX Warning: Citation `BieberERTS2018' on page 2 undefined on input line 27.

LaTeX Font Info:    Try loading font information for OMS+ptm on input line 33.
("C:\Program Files\MiKTeX 2.9\tex\latex\psnfss\omsptm.fd"
File: omsptm.fd 
)
LaTeX Font Info:    Font shape `OMS/ptm/m/n' in size <10> not available
(Font)              Font shape `OMS/cmsy/m/n' tried instead on input line 33.
 [2]
Excluding 'comment' comment.) (preliminaries.tex (process.tex

LaTeX Warning: Citation `SAE:ARP4754A' on page 3 undefined on input line 4.


LaTeX Warning: Citation `SAE:ARP4761' on page 3 undefined on input line 6.


LaTeX Warning: Reference `fig:proposed_safety_process' on page 3 undefined on i
nput line 11.



pdfTeX warning: pdflatex.exe (file ./images/safety_process.pdf): PDF inclusion:
 found PDF version <1.7>, but at most version <1.5> allowed
<images/safety_process.pdf, id=15, 794.97pt x 614.295pt>
File: images/safety_process.pdf Graphic file (type pdf)
<use images/safety_process.pdf>
Package pdftex.def Info: images/safety_process.pdf  used on input line 19.
(pdftex.def)             Requested size: 295.05711pt x 222.79147pt.
) (agree.tex

LaTeX Warning: Citation `FeilerModelBasedEngineering2012' on page 3 undefined o
n input line 3.


LaTeX Warning: Citation `AADL_Standard' on page 3 undefined on input line 3.

[3]

LaTeX Warning: Citation `NFM2012:CoGaMiWhLaLu' on page 4 undefined on input lin
e 8.


LaTeX Warning: Citation `Halbwachs91:IEEE' on page 4 undefined on input line 8.



LaTeX Warning: Citation `NFM2012:CoGaMiWhLaLu' on page 4 undefined on input lin
e 10.

[4 <./images/safety_process.pdf>]

LaTeX Warning: Citation `Stewart17:IMBSA' on page 5 undefined on input line 15.


Excluding 'comment' comment.)) (fault_modeling.tex

LaTeX Warning: Citation `AIR6110' on page 5 undefined on input line 4.


LaTeX Warning: Citation `DBLP:conf/cav/BozzanoCPJKPRT15' on page 5 undefined on
 input line 4.


LaTeX Warning: Citation `10.1007/978-3-319-11936-6-7' on page 5 undefined on in
put line 4.


LaTeX Warning: Citation `CAV2015:BoCiGrMa' on page 5 undefined on input line 4.



LaTeX Warning: Citation `Joshi05:SafeComp' on page 5 undefined on input line 4.


<images/wbs_arch4_diagram.pdf, id=37, 1281.78876pt x 638.385pt>
File: images/wbs_arch4_diagram.pdf Graphic file (type pdf)
<use images/wbs_arch4_diagram.pdf>
Package pdftex.def Info: images/wbs_arch4_diagram.pdf  used on input line 8.
(pdftex.def)             Requested size: 347.12354pt x 169.07692pt.

LaTeX Warning: Reference `fig:wbs' on page 5 undefined on input line 17.

[5 <./images/wbs_arch4_diagram.pdf>]
<images/inadvertent_braking.png, id=208, 347.2975pt x 88.33pt>
File: images/inadvertent_braking.png Graphic file (type png)
<use images/inadvertent_braking.png>
Package pdftex.def Info: images/inadvertent_braking.png  used on input line 52.

(pdftex.def)             Requested size: 242.98541pt x 61.80226pt.


LaTeX Warning: Citation `SAE:ARP4754A' on page 6 undefined on input line 63.

[6 <./images/inadvertent_braking.png>]
<images/system_sensor.pdf, id=214, 597.55246pt x 845.07718pt>
File: images/system_sensor.pdf Graphic file (type pdf)
<use images/system_sensor.pdf>
Package pdftex.def Info: images/system_sensor.pdf  used on input line 78.
(pdftex.def)             Requested size: 435.32704pt x 94.87456pt.

Overfull \hbox (88.2035pt too wide) in paragraph at lines 78--82
 [] 
 []

<images/safetyannex_sensorfault.pdf, id=216, 597.55246pt x 845.07718pt>
File: images/safetyannex_sensorfault.pdf Graphic file (type pdf)
<use images/safetyannex_sensorfault.pdf>
Package pdftex.def Info: images/safetyannex_sensorfault.pdf  used on input line
 94.
(pdftex.def)             Requested size: 435.32704pt x 66.10681pt.

Overfull \hbox (88.2035pt too wide) in paragraph at lines 94--98
 [] 
 []

[7 <./images/system_sensor.pdf> <./images/safetyannex_sensorfault.pdf>]

LaTeX Warning: Citation `EMV2' on page 8 undefined on input line 109.



pdfTeX warning: pdflatex.exe (file ./images/Comparison_with_EMV2.pdf): PDF incl
usion: found PDF version <1.6>, but at most version <1.5> allowed
<images/Comparison_with_EMV2.pdf, id=255, 794.97pt x 614.295pt>
File: images/Comparison_with_EMV2.pdf Graphic file (type pdf)
<use images/Comparison_with_EMV2.pdf>
Package pdftex.def Info: images/Comparison_with_EMV2.pdf  used on input line 11
6.
(pdftex.def)             Requested size: 347.12354pt x 262.10168pt.

LaTeX Warning: Reference `fig:comparison_with_EMV2' on page 8 undefined on inpu
t line 125.


LaTeX Warning: Reference `fig:comparison_with_EMV2' on page 8 undefined on inpu
t line 127.

[8 <./images/Comparison_with_EMV2.pdf, page is rotated 90 degrees>]
Excluding 'comment' comment.
<images/hw_fault2.png, id=331, 294.09875pt x 55.70813pt>
File: images/hw_fault2.png Graphic file (type png)
<use images/hw_fault2.png>
Package pdftex.def Info: images/hw_fault2.png  used on input line 167.
(pdftex.def)             Requested size: 208.27623pt x 39.45187pt.


LaTeX Warning: Reference `fig:hwFault' on page 9 undefined on input line 181.

<images/hw_prop_stmt.png, id=332, 511.41063pt x 87.82813pt>
File: images/hw_prop_stmt.png Graphic file (type png)
<use images/hw_prop_stmt.png>
Package pdftex.def Info: images/hw_prop_stmt.png  used on input line 187.
(pdftex.def)             Requested size: 347.12354pt x 59.61377pt.
Excluding 'comment' comment.) (implementation.tex

LaTeX Warning: Citation `NFM2012:CoGaMiWhLaLu' on page 9 undefined on input lin
e 4.


LaTeX Warning: Reference `fig:plugin-arch' on page 9 undefined on input line 5.


[9 <./images/hw_fault2.png> <./images/hw_prop_stmt.png>]
<images/arch.png, id=338, 462.0462pt x 108.405pt>
File: images/arch.png Graphic file (type png)
<use images/arch.png>
Package pdftex.def Info: images/arch.png  used on input line 14.
(pdftex.def)             Requested size: 312.40906pt x 73.29922pt.


LaTeX Warning: Reference `fig:lustre' on page 10 undefined on input line 26.


LaTeX Warning: Citation `2017arXiv171201222G' on page 10 undefined on input lin
e 30.

<images/lustre.jpg, id=339, 1132.23pt x 559.33969pt>
File: images/lustre.jpg Graphic file (type jpg)
<use images/lustre.jpg>
Package pdftex.def Info: images/lustre.jpg  used on input line 37.
(pdftex.def)             Requested size: 339.67162pt x 167.80319pt.
Excluding 'comment' comment.) (fault_analysis.tex [10 <./images/arch.png> <./im
ages/lustre.jpg>]

LaTeX Warning: Reference `fig:hwFaultProp' on page 11 undefined on input line 1
4.

[11]
LaTeX Font Info:    Font shape `OT1/ptm/bx/n' in size <7> not available
(Font)              Font shape `OT1/ptm/b/n' tried instead on input line 33.
 [12] Excluding 'comment' comment. Excluding 'comment' comment.)
(related_work.tex [13]

LaTeX Warning: Citation `Joshi05:Dasc' on page 14 undefined on input line 4.


LaTeX Warning: Citation `Joshi05:SafeComp' on page 14 undefined on input line 4
.


LaTeX Warning: Citation `Joshi07:Hase' on page 14 undefined on input line 4.


LaTeX Warning: Citation `EMV2' on page 14 undefined on input line 18.


LaTeX Warning: Citation `CHEN201391' on page 14 undefined on input line 18.


LaTeX Warning: Citation `10.1007/978-3-642-04468-7_15' on page 14 undefined on 
input line 20.


LaTeX Warning: Citation `5185388' on page 14 undefined on input line 20.


LaTeX Warning: Citation `criticalembeddedsystems' on page 14 undefined on input
 line 20.


LaTeX Warning: Citation `Cimatti2000' on page 14 undefined on input line 20.


LaTeX Warning: Citation `NuSMV' on page 14 undefined on input line 20.


LaTeX Warning: Citation `Katoen:2005:MRM:1114692.1115230' on page 14 undefined 
on input line 20.


LaTeX Warning: Citation `MRMC' on page 14 undefined on input line 20.


LaTeX Warning: Citation `RAT' on page 14 undefined on input line 20.


LaTeX Warning: Citation `DBLP:conf/tacas/BittnerBCCGGMMZ16' on page 14 undefine
d on input line 20.


LaTeX Warning: Citation `compass30toolset' on page 14 undefined on input line 2
0.


Underfull \hbox (badness 1242) in paragraph at lines 20--21
\OT1/ptm/m/n/10 COM-PASS (Cor-rect-ness, Mod-el-ing project and Per-for-mance o
f Aerospace Sys-
 []


LaTeX Warning: Citation `info8010007' on page 14 undefined on input line 27.


LaTeX Warning: Citation `info8010007' on page 14 undefined on input line 28.

[14]

LaTeX Warning: Citation `Gudemann:2010:FQQ:1909626.1909813' on page 15 undefine
d on input line 31.


LaTeX Warning: Citation `Cimatti2000' on page 15 undefined on input line 31.


LaTeX Warning: Citation `CAV2011:KwNoPa' on page 15 undefined on input line 31.



LaTeX Warning: Citation `Katoen:2005:MRM:1114692.1115230' on page 15 undefined 
on input line 31.


LaTeX Warning: Citation `PROSVIRNOVA2013127' on page 15 undefined on input line
 38.


LaTeX Warning: Citation `BieberERTS2018' on page 15 undefined on input line 38.



LaTeX Warning: Citation `symbAltaRica' on page 15 undefined on input line 38.


LaTeX Warning: Citation `Bieber04safetyassessment' on page 15 undefined on inpu
t line 38.


LaTeX Warning: Citation `symbAltaRica' on page 15 undefined on input line 40.


LaTeX Warning: Citation `10.1007/978-3-540-75596-8-13' on page 15 undefined on 
input line 40.


LaTeX Warning: Citation `DBLP:conf/tacas/BittnerBCCGGMMZ16' on page 15 undefine
d on input line 40.


LaTeX Warning: Citation `10.1007/978-3-319-11936-6-7' on page 15 undefined on i
nput line 40.

) (conclusion.tex

LaTeX Warning: Citation `SATechReport' on page 15 undefined on input line 8.


LaTeX Warning: Citation `SAGithub' on page 15 undefined on input line 8.

[15])
No file main.bbl.
[16] (main.aux)

LaTeX Warning: There were undefined references.


LaTeX Warning: Label(s) may have changed. Rerun to get cross-references right.

 ) 
Here is how much of TeX's memory you used:
 8087 strings out of 492973
 113927 string characters out of 3135897
 217517 words of memory out of 3000000
 11729 multiletter control sequences out of 15000+200000
 26188 words of font info for 66 fonts, out of 3000000 for 9000
 1141 hyphenation exceptions out of 8191
 41i,18n,35p,1347b,460s stack positions out of 5000i,500n,10000p,200000b,50000s
{C:/Program Files/MiKTeX 2.9/fonts/enc/dvips/base/8r.enc}<C:/Program Files/Mi
KTeX 2.9/fonts/type1/public/amsfonts/cm/cmmi10.pfb><C:/Program Files/MiKTeX 2.9
/fonts/type1/public/amsfonts/cm/cmmi7.pfb><C:/Program Files/MiKTeX 2.9/fonts/ty
pe1/public/amsfonts/cm/cmr10.pfb><C:/Program Files/MiKTeX 2.9/fonts/type1/publi
c/amsfonts/cm/cmr6.pfb><C:/Program Files/MiKTeX 2.9/fonts/type1/public/amsfonts
/cm/cmr7.pfb><C:/Program Files/MiKTeX 2.9/fonts/type1/public/amsfonts/cm/cmsy10
.pfb><C:/Program Files/MiKTeX 2.9/fonts/type1/public/amsfonts/cm/cmsy7.pfb><C:/
Program Files/MiKTeX 2.9/fonts/type1/urw/courier/ucrr8a.pfb><C:/Program Files/M
iKTeX 2.9/fonts/type1/urw/times/utmb8a.pfb><C:/Program Files/MiKTeX 2.9/fonts/t
ype1/urw/times/utmr8a.pfb><C:/Program Files/MiKTeX 2.9/fonts/type1/urw/times/ut
mri8a.pfb>
Output written on main.pdf (16 pages, 1287889 bytes).
PDF statistics:
 400 PDF objects out of 1000 (max. 8388607)
 0 named destinations out of 1000 (max. 500000)
 81 words of extra memory for PDF output out of 10000 (max. 10000000)

